0 info it worked if it ends with ok
1 verbose cli [ 'node',
1 verbose cli   '/Users/emmanuel.mascarinas/.nvm/versions/node/v0.12.17/bin/npm',
1 verbose cli   'run',
1 verbose cli   'start-aot' ]
2 info using npm@2.15.11
3 info using node@v0.12.17
4 verbose run-script [ 'prestart-aot', 'start-aot', 'poststart-aot' ]
5 info prestart-aot angular2-tour-of-heroes@0.1.0
6 info start-aot angular2-tour-of-heroes@0.1.0
7 verbose unsafe-perm in lifecycle true
8 info angular2-tour-of-heroes@0.1.0 Failed to exec start-aot script
9 verbose stack Error: angular2-tour-of-heroes@0.1.0 start-aot: `npm run aot && npm run rollup && gulp copy-aot && npm run lite`
9 verbose stack Exit status 1
9 verbose stack     at EventEmitter.<anonymous> (/Users/emmanuel.mascarinas/.nvm/versions/node/v0.12.17/lib/node_modules/npm/lib/utils/lifecycle.js:217:16)
9 verbose stack     at EventEmitter.emit (events.js:110:17)
9 verbose stack     at ChildProcess.<anonymous> (/Users/emmanuel.mascarinas/.nvm/versions/node/v0.12.17/lib/node_modules/npm/lib/utils/spawn.js:24:14)
9 verbose stack     at ChildProcess.emit (events.js:110:17)
9 verbose stack     at maybeClose (child_process.js:1019:16)
9 verbose stack     at Process.ChildProcess._handle.onexit (child_process.js:1091:5)
10 verbose pkgid angular2-tour-of-heroes@0.1.0
11 verbose cwd /Users/emmanuel.mascarinas/Desktop/dddd/angular
12 error Darwin 15.6.0
13 error argv "node" "/Users/emmanuel.mascarinas/.nvm/versions/node/v0.12.17/bin/npm" "run" "start-aot"
14 error node v0.12.17
15 error npm  v2.15.11
16 error code ELIFECYCLE
17 error angular2-tour-of-heroes@0.1.0 start-aot: `npm run aot && npm run rollup && gulp copy-aot && npm run lite`
17 error Exit status 1
18 error Failed at the angular2-tour-of-heroes@0.1.0 start-aot script 'npm run aot && npm run rollup && gulp copy-aot && npm run lite'.
18 error This is most likely a problem with the angular2-tour-of-heroes package,
18 error not with npm itself.
18 error Tell the author that this fails on your system:
18 error     npm run aot && npm run rollup && gulp copy-aot && npm run lite
18 error You can get information on how to open an issue for this project with:
18 error     npm bugs angular2-tour-of-heroes
18 error Or if that isn't available, you can get their info via:
18 error
18 error     npm owner ls angular2-tour-of-heroes
18 error There is likely additional logging output above.
19 verbose exit [ 1, true ]
